#
# A fatal error has been detected by the Java Runtime Environment:
#
#  EXCEPTION_ACCESS_VIOLATION (0xc0000005) at pc=0x00007ffbd997bffa, pid=2840, tid=23868
#
# JRE version: Java(TM) SE Runtime Environment (17.0.1+12) (build 17.0.1+12-LTS-39)
# Java VM: Java HotSpot(TM) 64-Bit Server VM (17.0.1+12-LTS-39, mixed mode, emulated-client, sharing, tiered, compressed oops, compressed class ptrs, g1 gc, windows-amd64)
# Problematic frame:
# V  [jvm.dll+0x73bffa]
#
# No core dump will be written. Minidumps are not enabled by default on client versions of Windows
#
# If you would like to submit a bug report, please visit:
#   https://bugreport.java.com/bugreport/crash.jsp
#

---------------  S U M M A R Y ------------

Command Line: -XX:+ShowCodeDetailsInExceptionMessages -agentlib:jdwp=transport=dt_socket,suspend=y,address=localhost:51201 -Dcom.sun.management.jmxremote -Dcom.sun.management.jmxremote.port=51198 -Dcom.sun.management.jmxremote.authenticate=false -Dcom.sun.management.jmxremote.ssl=false -Djava.rmi.server.hostname=localhost -Dspring.jmx.enabled=true -Dspring.application.admin.enabled=true -XX:TieredStopAtLevel=1 -Dspring.boot.project.name=PFG_Cliente -javaagent:C:\Users\Usuario\eclipse\java-2021-06\eclipse\configuration\org.eclipse.osgi\222\0\.cp\lib\javaagent-shaded.jar -Dfile.encoding=UTF-8 com.abb.pfg.PruebasVaadinApplication

Host: Intel(R) Xeon(R) CPU E5-1620 v3 @ 3.50GHz, 8 cores, 31G,  Windows 10 , 64 bit Build 19041 (10.0.19041.3636)
Time: Thu Apr 11 19:27:18 2024 Hora de verano romance elapsed time: 148.132517 seconds (0d 0h 2m 28s)

---------------  T H R E A D  ---------------

Current thread (0x000002017a71fd80):  JavaThread "JDWP Transport Listener: dt_socket" daemon [_thread_in_vm, id=23868, stack(0x000000b395500000,0x000000b395600000)]

Stack: [0x000000b395500000,0x000000b395600000],  sp=0x000000b3955ff380,  free space=1020k
Native frames: (J=compiled Java code, j=interpreted, Vv=VM code, C=native code)
V  [jvm.dll+0x73bffa]
V  [jvm.dll+0x50483c]
V  [jvm.dll+0x4d0154]
C  [jdwp.dll+0x22e9f]


siginfo: EXCEPTION_ACCESS_VIOLATION (0xc0000005), reading address 0x000000000079021a


Register to memory mapping:

RIP=0x00007ffbd997bffa jvm.dll
RAX=0x000000000000021a is an unknown value
RBX=0x0000020179f298d4 points into unknown readable memory: 65 77 3b 00
RCX=0x0000000000790216 is an unknown value
RDX=0x000002017f425360 points into unknown readable memory: 0x6262612f6d6f634c | 4c 63 6f 6d 2f 61 62 62
RSP=0x000000b3955ff380 is pointing into the stack for thread: 0x000002017a71fd80
RBP=0x000002017a70fbb0 points into unknown readable memory: 0x0000000000000002 | 02 00 00 00 00 00 00 00
RSI=0x0 is NULL
RDI=0xffffffffffffffff is an unknown value
R8 =0x00000000000004b7 is an unknown value
R9 =0x0000000000000040 is an unknown value
R10=0x0000000000000480 is an unknown value
R11=0x000000b3955ff3a0 is pointing into the stack for thread: 0x000002017a71fd80
R12=0x000000b3955ff4d8 is pointing into the stack for thread: 0x000002017a71fd80
R13=0x0 is NULL
R14=0x0000000801024fb0 is a pointer to class: 
com.abb.pfg.views.AvailableOffers {0x0000000801024fb8}
 - instance size:     9
 - klass size:        139
 - access:            public synchronized 
 - state:             fully_initialized
 - name:              'com/abb/pfg/views/AvailableOffers'
 - super:             'com/vaadin/flow/component/Composite'
 - sub:               
 - arrays:            NULL
 - methods:           Array<T>(0x000002010096ec20)
 - method ordering:   Array<T>(0x0000020100970088)
 - default_methods:   Array<T>(0x000002017e526cb0)
 - default vtable indices:   Array<T>(0x000002017e526d18)
 - local interfaces:  Array<T>(0x000002017e5241e0)
 - trans. interfaces: Array<T>(0x000002017e526c30)
 - constants:         constant pool [577]/operands[8] {0x0000020100973b88} for 'com/abb/pfg/views/AvailableOffers' cache=0x0000020100974f30
 - class loader data:  loader data: 0x0000020179f59b30 for instance a 'jdk/internal/loader/ClassLoaders$AppClassLoader'{0x000000060124f570}
 - source file:       'AvailableOffers.java'
 - source debug extension:       SMAP
AvailableOffers.java
Java
*S jdt
*F
1 AvailableOffers.java
2 file:/C:/Users/Usuario/Documents/DocumentosAdrian/Proyecto_Fin_Grado/PFG_Cliente/target/classes/
*L
*E

 - class annotations:       Array<T>(0x000002010096ffd0)
 - class type annotations:  Array<T>(0x0000000000000000)
 - field annotations:       Array<T>(0x0000000000000000)
 - field type annotations:  Array<T>(0x0000000000000000)
 - generic signature: '
[error occurred during error reporting (printing register info), id 0xc0000005, EXCEPTION_ACCESS_VIOLATION (0xc0000005) at pc=0x00007ffbd997cc06]

Registers:
RAX=0x000000000000021a, RBX=0x0000020179f298d4, RCX=0x0000000000790216, RDX=0x000002017f425360
RSP=0x000000b3955ff380, RBP=0x000002017a70fbb0, RSI=0x0000000000000000, RDI=0xffffffffffffffff
R8 =0x00000000000004b7, R9 =0x0000000000000040, R10=0x0000000000000480, R11=0x000000b3955ff3a0
R12=0x000000b3955ff4d8, R13=0x0000000000000000, R14=0x0000000801024fb0, R15=0x000000b3955ff500
RIP=0x00007ffbd997bffa, EFLAGS=0x0000000000010202

Top of Stack: (sp=0x000000b3955ff380)
0x000000b3955ff380:   0000000000000021 0000000801024fb0
0x000000b3955ff390:   000002017c03a280 00007ffc680f47b1
0x000000b3955ff3a0:   ffffffffffffffff 00007ffbd974483c
0x000000b3955ff3b0:   0000020179f298d4 0000020179f298b0
0x000000b3955ff3c0:   000002017a70fbb0 0000000000000000
0x000000b3955ff3d0:   0000020179f29870 00000000000003d8
0x000000b3955ff3e0:   0000020179f29880 0000020179f29c58
0x000000b3955ff3f0:   0000000000013a01 000000b3955ff4d8
0x000000b3955ff400:   0000000000000007 000002017a720028
0x000000b3955ff410:   0000000601d22b28 00007ffbd9710154
0x000000b3955ff420:   000002017a71fd80 000000b3955ff500
0x000000b3955ff430:   000002015a135df0 000000b3955ff500
0x000000b3955ff440:   000002017a71fd80 0000000000000000
0x000000b3955ff450:   0000000000000000 0000000000000000
0x000000b3955ff460:   000002017c72bef8 00007ffc59d12e9f
0x000000b3955ff470:   000000b3955ff4f8 00007ffc59d21830 

Instructions: (pc=0x00007ffbd997bffa)
0x00007ffbd997befa:   48 83 c4 20 5f e9 cc 86 96 ff cc cc cc cc cc cc
0x00007ffbd997bf0a:   cc cc cc cc cc cc 48 89 5c 24 08 57 48 83 ec 20
0x00007ffbd997bf1a:   83 fa 02 8d 42 06 b9 08 00 00 00 49 8b d8 0f 4e
0x00007ffbd997bf2a:   c1 48 63 c8 48 83 c1 07 83 e1 f8 48 63 f9 49 8b
0x00007ffbd997bf3a:   48 18 48 8b c7 48 f7 d0 48 3b c1 73 16 4c 8d 05
0x00007ffbd997bf4a:   7a 47 17 00 48 8b d7 48 8b cb e8 d7 e9 96 ff 48
0x00007ffbd997bf5a:   8b 4b 18 48 8d 04 39 48 3b 43 20 76 18 45 33 c0
0x00007ffbd997bf6a:   48 8b d7 48 8b cb 48 8b 5c 24 30 48 83 c4 20 5f
0x00007ffbd997bf7a:   e9 31 e6 96 ff 48 89 43 18 48 8b c1 48 8b 5c 24
0x00007ffbd997bf8a:   30 48 83 c4 20 5f c3 cc cc cc cc cc cc cc cc cc
0x00007ffbd997bf9a:   cc cc cc cc cc cc 4c 8b d2 4c 8b d9 45 85 c0 7e
0x00007ffbd997bfaa:   3c 44 0f b7 49 04 41 8d 40 ff 41 3b c1 44 0f 4c
0x00007ffbd997bfba:   c8 4d 63 c1 45 85 c9 7e 1f 48 8b c2 4c 2b da 49
0x00007ffbd997bfca:   8b d0 0f 1f 40 00 41 0f b6 4c 03 06 88 08 48 8d
0x00007ffbd997bfda:   40 01 48 83 ea 01 75 ee 43 c6 04 10 00 49 8b c2
0x00007ffbd997bfea:   c3 cc cc cc cc cc 48 89 5c 24 08 57 48 83 ec 20
0x00007ffbd997bffa:   0f b7 59 04 48 8b f9 33 d2 48 8d 4b 01 e8 14 9b
0x00007ffbd997c00a:   f8 ff 0f b7 57 04 4c 8b c0 3b da 0f 42 d3 44 8b
0x00007ffbd997c01a:   ca 85 d2 74 39 48 2b f8 0f 1f 40 00 66 66 0f 1f
0x00007ffbd997c02a:   84 00 00 00 00 00 0f b6 4c 07 06 88 08 48 ff c0
0x00007ffbd997c03a:   48 8b c8 49 2b c8 49 3b c9 7c eb 42 c6 04 02 00
0x00007ffbd997c04a:   49 8b c0 48 8b 5c 24 30 48 83 c4 20 5f c3 48 8b
0x00007ffbd997c05a:   5c 24 30 c6 04 02 00 48 83 c4 20 5f c3 cc cc cc
0x00007ffbd997c06a:   cc cc cc cc cc cc 4c 8b d1 45 85 c0 7e 6c 44 0f
0x00007ffbd997c07a:   b7 49 04 41 8d 40 ff 41 3b c1 44 0f 4c c8 4d 63
0x00007ffbd997c08a:   d9 45 85 c9 7e 22 48 8b ca 4c 2b d2 4d 8b c3 0f
0x00007ffbd997c09a:   1f 80 00 00 00 00 41 0f b6 44 0a 06 88 01 48 8d
0x00007ffbd997c0aa:   49 01 49 83 e8 01 75 ee 41 c6 04 13 00 48 c7 c0
0x00007ffbd997c0ba:   ff ff ff ff 66 90 48 ff c0 80 3c 02 00 75 f7 48
0x00007ffbd997c0ca:   63 c8 85 c0 48 8b c2 7e 14 80 38 2f 75 03 c6 00
0x00007ffbd997c0da:   2e 48 ff c0 48 83 e9 01 75 ef 48 8b c2 c3 cc cc
0x00007ffbd997c0ea:   cc cc cc cc cc cc 48 83 ec 28 e8 f7 fe ff ff 4c 


Stack slot to memory mapping:
stack at sp + 0 slots: 0x0000000000000021 is an unknown value
stack at sp + 1 slots: 0x0000000801024fb0 is a pointer to class: 
com.abb.pfg.views.AvailableOffers {0x0000000801024fb8}
 - instance size:     9
 - klass size:        139
 - access:            public synchronized 
 - state:             fully_initialized
 - name:              'com/abb/pfg/views/AvailableOffers'
 - super:             'com/vaadin/flow/component/Composite'
 - sub:               
 - arrays:            NULL
 - methods:           Array<T>(0x000002010096ec20)
 - method ordering:   Array<T>(0x0000020100970088)
 - default_methods:   Array<T>(0x000002017e526cb0)
 - default vtable indices:   Array<T>(0x000002017e526d18)
 - local interfaces:  Array<T>(0x000002017e5241e0)
 - trans. interfaces: Array<T>(0x000002017e526c30)
 - constants:         constant pool [577]/operands[8] {0x0000020100973b88} for 'com/abb/pfg/views/AvailableOffers' cache=0x0000020100974f30
 - class loader data:  loader data: 0x0000020179f59b30 for instance a 'jdk/internal/loader/ClassLoaders$AppClassLoader'{0x000000060124f570}
 - source file:       'AvailableOffers.java'
 - source debug extension:       SMAP
AvailableOffers.java
Java
*S jdt
*F
1 AvailableOffers.java
2 file:/C:/Users/Usuario/Documents/DocumentosAdrian/Proyecto_Fin_Grado/PFG_Cliente/target/classes/
*L
*E

 - class annotations:       Array<T>(0x000002010096ffd0)
 - class type annotations:  Array<T>(0x0000000000000000)
 - field annotations:       Array<T>(0x0000000000000000)
 - field type annotations:  Array<T>(0x0000000000000000)
 - generic signature: '
[error occurred during error reporting (inspecting top of stack), id 0xc0000005, EXCEPTION_ACCESS_VIOLATION (0xc0000005) at pc=0x00007ffbd997cc06]


---------------  P R O C E S S  ---------------

Threads class SMR info:
_java_thread_list=0x000002017f162be0, length=38, elements={
0x0000020179efaaa0, 0x0000020179efd570, 0x0000020179f0a3e0, 0x0000020179f0aca0,
0x0000020179f0d670, 0x0000020179f1ccd0, 0x0000020179f1d640, 0x0000020179f28770,
0x000002017a6b25a0, 0x000002017a71fd80, 0x000002017a723420, 0x000002017a723910,
0x000002017bbda140, 0x000002017bc94040, 0x000002017bc94510, 0x000002017bcb10f0,
0x000002017c0d6800, 0x000002017c0f3ed0, 0x000002017c10d770, 0x000002017bca19a0,
0x000002017bca2340, 0x000002017c7c4b90, 0x000002017c7c2eb0, 0x000002017c7c3380,
0x000002017c7c5060, 0x000002017c7c76e0, 0x000002017c7c29e0, 0x000002017c7c63a0,
0x000002017c7c6d40, 0x000002017c7c5a00, 0x000002017c7c5ed0, 0x000002017c7c3850,
0x000002017c7c7210, 0x000002017c7c7bb0, 0x000002017c7c8550, 0x000002017bd55620,
0x000002017bd55fc0, 0x000002017bd58170
}

Java Threads: ( => current thread )
  0x0000020179efaaa0 JavaThread "Reference Handler" daemon [_thread_blocked, id=9288, stack(0x000000b394a00000,0x000000b394b00000)]
  0x0000020179efd570 JavaThread "Finalizer" daemon [_thread_blocked, id=3156, stack(0x000000b394b00000,0x000000b394c00000)]
  0x0000020179f0a3e0 JavaThread "Signal Dispatcher" daemon [_thread_blocked, id=19464, stack(0x000000b394c00000,0x000000b394d00000)]
  0x0000020179f0aca0 JavaThread "Attach Listener" daemon [_thread_blocked, id=24432, stack(0x000000b394d00000,0x000000b394e00000)]
  0x0000020179f0d670 JavaThread "Service Thread" daemon [_thread_blocked, id=10508, stack(0x000000b394e00000,0x000000b394f00000)]
  0x0000020179f1ccd0 JavaThread "Monitor Deflation Thread" daemon [_thread_blocked, id=12152, stack(0x000000b394f00000,0x000000b395000000)]
  0x0000020179f1d640 JavaThread "C1 CompilerThread0" daemon [_thread_blocked, id=17324, stack(0x000000b395000000,0x000000b395100000)]
  0x0000020179f28770 JavaThread "Sweeper thread" daemon [_thread_blocked, id=21548, stack(0x000000b395100000,0x000000b395200000)]
  0x000002017a6b25a0 JavaThread "Common-Cleaner" daemon [_thread_blocked, id=26140, stack(0x000000b395200000,0x000000b395300000)]
=>0x000002017a71fd80 JavaThread "JDWP Transport Listener: dt_socket" daemon [_thread_in_vm, id=23868, stack(0x000000b395500000,0x000000b395600000)]
  0x000002017a723420 JavaThread "JDWP Event Helper Thread" daemon [_thread_blocked, id=25528, stack(0x000000b395600000,0x000000b395700000)]
  0x000002017a723910 JavaThread "JDWP Command Reader" daemon [_thread_in_native, id=272, stack(0x000000b395700000,0x000000b395800000)]
  0x000002017bbda140 JavaThread "Notification Thread" daemon [_thread_blocked, id=9792, stack(0x000000b395800000,0x000000b395900000)]
  0x000002017bc94040 JavaThread "RMI TCP Accept-0" daemon [_thread_in_native, id=13800, stack(0x000000b395900000,0x000000b395a00000)]
  0x000002017bc94510 JavaThread "RMI TCP Accept-51198" daemon [_thread_in_native, id=1576, stack(0x000000b395a00000,0x000000b395b00000)]
  0x000002017bcb10f0 JavaThread "RMI TCP Accept-0" daemon [_thread_in_native, id=26492, stack(0x000000b395b00000,0x000000b395c00000)]
  0x000002017c0d6800 JavaThread "RMI Scheduler(0)" daemon [_thread_blocked, id=20260, stack(0x000000b396700000,0x000000b396800000)]
  0x000002017c0f3ed0 JavaThread "RMI TCP Connection(idle)" daemon [_thread_blocked, id=15828, stack(0x000000b396800000,0x000000b396900000)]
  0x000002017c10d770 JavaThread "JMX server connection timeout 25" daemon [_thread_blocked, id=19880, stack(0x000000b396900000,0x000000b396a00000)]
  0x000002017bca19a0 JavaThread "Catalina-utility-1" [_thread_blocked, id=21460, stack(0x000000b396b00000,0x000000b396c00000)]
  0x000002017bca2340 JavaThread "Catalina-utility-2" [_thread_blocked, id=1436, stack(0x000000b396d00000,0x000000b396e00000)]
  0x000002017c7c4b90 JavaThread "container-0" [_thread_blocked, id=25808, stack(0x000000b396e00000,0x000000b396f00000)]
  0x000002017c7c2eb0 JavaThread "http-nio-8080-exec-1" daemon [_thread_blocked, id=1168, stack(0x000000b397200000,0x000000b397300000)]
  0x000002017c7c3380 JavaThread "http-nio-8080-exec-2" daemon [_thread_blocked, id=26248, stack(0x000000b397300000,0x000000b397400000)]
  0x000002017c7c5060 JavaThread "http-nio-8080-exec-3" daemon [_thread_blocked, id=15044, stack(0x000000b397400000,0x000000b397500000)]
  0x000002017c7c76e0 JavaThread "http-nio-8080-exec-4" daemon [_thread_blocked, id=18728, stack(0x000000b397500000,0x000000b397600000)]
  0x000002017c7c29e0 JavaThread "http-nio-8080-exec-5" daemon [_thread_blocked, id=9920, stack(0x000000b397600000,0x000000b397700000)]
  0x000002017c7c63a0 JavaThread "http-nio-8080-exec-6" daemon [_thread_blocked, id=15344, stack(0x000000b397700000,0x000000b397800000)]
  0x000002017c7c6d40 JavaThread "http-nio-8080-exec-7" daemon [_thread_blocked, id=19460, stack(0x000000b397800000,0x000000b397900000)]
  0x000002017c7c5a00 JavaThread "http-nio-8080-exec-8" daemon [_thread_blocked, id=3116, stack(0x000000b397900000,0x000000b397a00000)]
  0x000002017c7c5ed0 JavaThread "http-nio-8080-exec-9" daemon [_thread_blocked, id=20000, stack(0x000000b397a00000,0x000000b397b00000)]
  0x000002017c7c3850 JavaThread "http-nio-8080-exec-10" daemon [_thread_blocked, id=13876, stack(0x000000b397b00000,0x000000b397c00000)]
  0x000002017c7c7210 JavaThread "http-nio-8080-Poller" daemon [_thread_in_native, id=22852, stack(0x000000b397c00000,0x000000b397d00000)]
  0x000002017c7c7bb0 JavaThread "http-nio-8080-Acceptor" daemon [_thread_in_native, id=9440, stack(0x000000b397d00000,0x000000b397e00000)]
  0x000002017c7c8550 JavaThread "DestroyJavaVM" [_thread_blocked, id=22988, stack(0x000000b394300000,0x000000b394400000)]
  0x000002017bd55620 JavaThread "WebSocket background processing" daemon [_thread_blocked, id=25284, stack(0x000000b398800000,0x000000b398900000)]
  0x000002017bd55fc0 JavaThread "Atmosphere-Scheduler-4" daemon [_thread_blocked, id=24932, stack(0x000000b394000000,0x000000b394100000)]
  0x000002017bd58170 JavaThread "Atmosphere-Scheduler-5" daemon [_thread_blocked, id=2452, stack(0x000000b393f00000,0x000000b394000000)]

Other Threads:
  0x0000020179ef21e0 VMThread "VM Thread" [stack: 0x000000b394900000,0x000000b394a00000] [id=23916]
  0x000002015a1db160 WatcherThread [stack: 0x000000b395c00000,0x000000b395d00000] [id=20880]
  0x000002015a1b9fb0 GCTaskThread "GC Thread#0" [stack: 0x000000b394400000,0x000000b394500000] [id=3860]
  0x000002017bdbd920 GCTaskThread "GC Thread#1" [stack: 0x000000b395d00000,0x000000b395e00000] [id=17092]
  0x000002017bd081a0 GCTaskThread "GC Thread#2" [stack: 0x000000b395e00000,0x000000b395f00000] [id=15588]
  0x000002017bd044c0 GCTaskThread "GC Thread#3" [stack: 0x000000b395f00000,0x000000b396000000] [id=7360]
  0x000002017bd04770 GCTaskThread "GC Thread#4" [stack: 0x000000b396000000,0x000000b396100000] [id=4316]
  0x000002017bf29cf0 GCTaskThread "GC Thread#5" [stack: 0x000000b396100000,0x000000b396200000] [id=22312]
  0x000002017bf29a40 GCTaskThread "GC Thread#6" [stack: 0x000000b396200000,0x000000b396300000] [id=12132]
  0x000002017bf2a500 GCTaskThread "GC Thread#7" [stack: 0x000000b396300000,0x000000b396400000] [id=22844]
  0x000002015a1cb2a0 ConcurrentGCThread "G1 Main Marker" [stack: 0x000000b394500000,0x000000b394600000] [id=24884]
  0x000002015a1ce380 ConcurrentGCThread "G1 Conc#0" [stack: 0x000000b394600000,0x000000b394700000] [id=17448]
  0x000002017bf2aa60 ConcurrentGCThread "G1 Conc#1" [stack: 0x000000b396c00000,0x000000b396d00000] [id=9736]
  0x0000020179e25fc0 ConcurrentGCThread "G1 Refine#0" [stack: 0x000000b394700000,0x000000b394800000] [id=25096]
  0x000002017bd26b20 ConcurrentGCThread "G1 Refine#1" [stack: 0x000000b396400000,0x000000b396500000] [id=9972]
  0x000002017bd265e0 ConcurrentGCThread "G1 Refine#2" [stack: 0x000000b396500000,0x000000b396600000] [id=22684]
  0x0000020179e268f0 ConcurrentGCThread "G1 Service" [stack: 0x000000b394800000,0x000000b394900000] [id=24908]

Threads with active compile tasks:

VM state: not at safepoint (normal execution)

VM Mutex/Monitor currently owned by a thread: None

Heap address: 0x0000000601000000, size: 8176 MB, Compressed Oops mode: Zero based, Oop shift amount: 3

CDS archive(s) mapped at: [0x0000000800000000-0x0000000800bc0000-0x0000000800bc0000), size 12320768, SharedBaseAddress: 0x0000000800000000, ArchiveRelocationMode: 0.
Compressed class space mapped at: 0x0000000800c00000-0x0000000840c00000, reserved size: 1073741824
Narrow klass base: 0x0000000800000000, Narrow klass shift: 0, Narrow klass range: 0x100000000

GC Precious Log:
 CPUs: 8 total, 8 available
 Memory: 32690M
 Large Page Support: Disabled
 NUMA Support: Disabled
 Compressed Oops: Enabled (Zero based)
 Heap Region Size: 4M
 Heap Min Capacity: 8M
 Heap Initial Capacity: 512M
 Heap Max Capacity: 8176M
 Pre-touch: Disabled
 Parallel Workers: 8
 Concurrent Workers: 2
 Concurrent Refinement Workers: 8
 Periodic GC: Disabled

Heap:
 garbage-first heap   total 319488K, used 119124K [0x0000000601000000, 0x0000000800000000)
  region size 4096K, 26 young (106496K), 1 survivors (4096K)
 Metaspace       used 48452K, committed 48960K, reserved 1097728K
  class space    used 6553K, committed 6784K, reserved 1048576K

Heap Regions: E=young(eden), S=young(survivor), O=old, HS=humongous(starts), HC=humongous(continues), CS=collection set, F=free, OA=open archive, CA=closed archive, TAMS=top-at-mark-start (previous, next)
|   0|0x0000000601000000, 0x0000000601400000, 0x0000000601400000|100%| O|  |TAMS 0x0000000601400000, 0x0000000601000000| Untracked 
|   1|0x0000000601400000, 0x0000000601400000, 0x0000000601800000|  0%| F|  |TAMS 0x0000000601400000, 0x0000000601400000| Untracked 
|   2|0x0000000601800000, 0x0000000601c00000, 0x0000000601c00000|100%| O|  |TAMS 0x0000000601c00000, 0x0000000601800000| Untracked 
|   3|0x0000000601c00000, 0x0000000602000000, 0x0000000602000000|100%| O|  |TAMS 0x0000000601c00000, 0x0000000601c00000| Untracked 
|   4|0x0000000602000000, 0x0000000602400000, 0x0000000602400000|100%| O|  |TAMS 0x0000000602000000, 0x0000000602000000| Untracked 
|   5|0x0000000602400000, 0x0000000602800000, 0x0000000602800000|100%| O|  |TAMS 0x0000000602800000, 0x0000000602400000| Untracked 
|   6|0x0000000602800000, 0x00000006029a0800, 0x0000000602c00000| 40%| O|  |TAMS 0x0000000602800000, 0x0000000602800000| Untracked 
|   7|0x0000000602c00000, 0x0000000602c00000, 0x0000000603000000|  0%| F|  |TAMS 0x0000000602c00000, 0x0000000602c00000| Untracked 
|   8|0x0000000603000000, 0x0000000603000000, 0x0000000603400000|  0%| F|  |TAMS 0x0000000603000000, 0x0000000603000000| Untracked 
|   9|0x0000000603400000, 0x0000000603400000, 0x0000000603800000|  0%| F|  |TAMS 0x0000000603400000, 0x0000000603400000| Untracked 
|  10|0x0000000603800000, 0x0000000603800000, 0x0000000603c00000|  0%| F|  |TAMS 0x0000000603800000, 0x0000000603800000| Untracked 
|  11|0x0000000603c00000, 0x0000000603c00000, 0x0000000604000000|  0%| F|  |TAMS 0x0000000603c00000, 0x0000000603c00000| Untracked 
|  12|0x0000000604000000, 0x0000000604000000, 0x0000000604400000|  0%| F|  |TAMS 0x0000000604000000, 0x0000000604000000| Untracked 
|  13|0x0000000604400000, 0x0000000604400000, 0x0000000604800000|  0%| F|  |TAMS 0x0000000604400000, 0x0000000604400000| Untracked 
|  14|0x0000000604800000, 0x0000000604800000, 0x0000000604c00000|  0%| F|  |TAMS 0x0000000604800000, 0x0000000604800000| Untracked 
|  15|0x0000000604c00000, 0x0000000604c00000, 0x0000000605000000|  0%| F|  |TAMS 0x0000000604c00000, 0x0000000604c00000| Untracked 
|  16|0x0000000605000000, 0x0000000605000000, 0x0000000605400000|  0%| F|  |TAMS 0x0000000605000000, 0x0000000605000000| Untracked 
|  17|0x0000000605400000, 0x0000000605400000, 0x0000000605800000|  0%| F|  |TAMS 0x0000000605400000, 0x0000000605400000| Untracked 
|  18|0x0000000605800000, 0x0000000605800000, 0x0000000605c00000|  0%| F|  |TAMS 0x0000000605800000, 0x0000000605800000| Untracked 
|  19|0x0000000605c00000, 0x0000000605c00000, 0x0000000606000000|  0%| F|  |TAMS 0x0000000605c00000, 0x0000000605c00000| Untracked 
|  20|0x0000000606000000, 0x0000000606000000, 0x0000000606400000|  0%| F|  |TAMS 0x0000000606000000, 0x0000000606000000| Untracked 
|  21|0x0000000606400000, 0x0000000606400000, 0x0000000606800000|  0%| F|  |TAMS 0x0000000606400000, 0x0000000606400000| Untracked 
|  22|0x0000000606800000, 0x0000000606800000, 0x0000000606c00000|  0%| F|  |TAMS 0x0000000606800000, 0x0000000606800000| Untracked 
|  23|0x0000000606c00000, 0x0000000606c00000, 0x0000000607000000|  0%| F|  |TAMS 0x0000000606c00000, 0x0000000606c00000| Untracked 
|  24|0x0000000607000000, 0x0000000607000000, 0x0000000607400000|  0%| F|  |TAMS 0x0000000607000000, 0x0000000607000000| Untracked 
|  25|0x0000000607400000, 0x0000000607400000, 0x0000000607800000|  0%| F|  |TAMS 0x0000000607400000, 0x0000000607400000| Untracked 
|  26|0x0000000607800000, 0x0000000607800000, 0x0000000607c00000|  0%| F|  |TAMS 0x0000000607800000, 0x0000000607800000| Untracked 
|  27|0x0000000607c00000, 0x0000000607c00000, 0x0000000608000000|  0%| F|  |TAMS 0x0000000607c00000, 0x0000000607c00000| Untracked 
|  28|0x0000000608000000, 0x0000000608000000, 0x0000000608400000|  0%| F|  |TAMS 0x0000000608000000, 0x0000000608000000| Untracked 
|  29|0x0000000608400000, 0x0000000608400000, 0x0000000608800000|  0%| F|  |TAMS 0x0000000608400000, 0x0000000608400000| Untracked 
|  30|0x0000000608800000, 0x0000000608800000, 0x0000000608c00000|  0%| F|  |TAMS 0x0000000608800000, 0x0000000608800000| Untracked 
|  31|0x0000000608c00000, 0x0000000608c00000, 0x0000000609000000|  0%| F|  |TAMS 0x0000000608c00000, 0x0000000608c00000| Untracked 
|  32|0x0000000609000000, 0x0000000609000000, 0x0000000609400000|  0%| F|  |TAMS 0x0000000609000000, 0x0000000609000000| Untracked 
|  33|0x0000000609400000, 0x0000000609400000, 0x0000000609800000|  0%| F|  |TAMS 0x0000000609400000, 0x0000000609400000| Untracked 
|  34|0x0000000609800000, 0x0000000609800000, 0x0000000609c00000|  0%| F|  |TAMS 0x0000000609800000, 0x0000000609800000| Untracked 
|  35|0x0000000609c00000, 0x0000000609c00000, 0x000000060a000000|  0%| F|  |TAMS 0x0000000609c00000, 0x0000000609c00000| Untracked 
|  36|0x000000060a000000, 0x000000060a000000, 0x000000060a400000|  0%| F|  |TAMS 0x000000060a000000, 0x000000060a000000| Untracked 
|  37|0x000000060a400000, 0x000000060a400000, 0x000000060a800000|  0%| F|  |TAMS 0x000000060a400000, 0x000000060a400000| Untracked 
|  38|0x000000060a800000, 0x000000060a800000, 0x000000060ac00000|  0%| F|  |TAMS 0x000000060a800000, 0x000000060a800000| Untracked 
|  39|0x000000060ac00000, 0x000000060ac00000, 0x000000060b000000|  0%| F|  |TAMS 0x000000060ac00000, 0x000000060ac00000| Untracked 
|  40|0x000000060b000000, 0x000000060b000000, 0x000000060b400000|  0%| F|  |TAMS 0x000000060b000000, 0x000000060b000000| Untracked 
|  41|0x000000060b400000, 0x000000060b400000, 0x000000060b800000|  0%| F|  |TAMS 0x000000060b400000, 0x000000060b400000| Untracked 
|  42|0x000000060b800000, 0x000000060b800000, 0x000000060bc00000|  0%| F|  |TAMS 0x000000060b800000, 0x000000060b800000| Untracked 
|  43|0x000000060bc00000, 0x000000060bc00000, 0x000000060c000000|  0%| F|  |TAMS 0x000000060bc00000, 0x000000060bc00000| Untracked 
|  44|0x000000060c000000, 0x000000060c000000, 0x000000060c400000|  0%| F|  |TAMS 0x000000060c000000, 0x000000060c000000| Untracked 
|  45|0x000000060c400000, 0x000000060c400000, 0x000000060c800000|  0%| F|  |TAMS 0x000000060c400000, 0x000000060c400000| Untracked 
|  46|0x000000060c800000, 0x000000060c800000, 0x000000060cc00000|  0%| F|  |TAMS 0x000000060c800000, 0x000000060c800000| Untracked 
|  47|0x000000060cc00000, 0x000000060cc00000, 0x000000060d000000|  0%| F|  |TAMS 0x000000060cc00000, 0x000000060cc00000| Untracked 
|  48|0x000000060d000000, 0x000000060d000000, 0x000000060d400000|  0%| F|  |TAMS 0x000000060d000000, 0x000000060d000000| Untracked 
|  49|0x000000060d400000, 0x000000060d400000, 0x000000060d800000|  0%| F|  |TAMS 0x000000060d400000, 0x000000060d400000| Untracked 
|  50|0x000000060d800000, 0x000000060d800000, 0x000000060dc00000|  0%| F|  |TAMS 0x000000060d800000, 0x000000060d800000| Untracked 
|  51|0x000000060dc00000, 0x000000060dc00000, 0x000000060e000000|  0%| F|  |TAMS 0x000000060dc00000, 0x000000060dc00000| Untracked 
|  52|0x000000060e000000, 0x000000060e1fccf0, 0x000000060e400000| 49%| E|  |TAMS 0x000000060e000000, 0x000000060e000000| Complete 
|  53|0x000000060e400000, 0x000000060e800000, 0x000000060e800000|100%| E|  |TAMS 0x000000060e400000, 0x000000060e400000| Complete 
|  54|0x000000060e800000, 0x000000060ec00000, 0x000000060ec00000|100%| E|CS|TAMS 0x000000060e800000, 0x000000060e800000| Complete 
|  55|0x000000060ec00000, 0x000000060f000000, 0x000000060f000000|100%| E|CS|TAMS 0x000000060ec00000, 0x000000060ec00000| Complete 
|  56|0x000000060f000000, 0x000000060f400000, 0x000000060f400000|100%| E|CS|TAMS 0x000000060f000000, 0x000000060f000000| Complete 
|  57|0x000000060f400000, 0x000000060f800000, 0x000000060f800000|100%| E|CS|TAMS 0x000000060f400000, 0x000000060f400000| Complete 
|  58|0x000000060f800000, 0x000000060fc00000, 0x000000060fc00000|100%| E|CS|TAMS 0x000000060f800000, 0x000000060f800000| Complete 
|  59|0x000000060fc00000, 0x000000060feb4b68, 0x0000000610000000| 67%| S|CS|TAMS 0x000000060fc00000, 0x000000060fc00000| Complete 
|  60|0x0000000610000000, 0x0000000610400000, 0x0000000610400000|100%| E|CS|TAMS 0x0000000610000000, 0x0000000610000000| Complete 
|  61|0x0000000610400000, 0x0000000610800000, 0x0000000610800000|100%| E|CS|TAMS 0x0000000610400000, 0x0000000610400000| Complete 
|  62|0x0000000610800000, 0x0000000610c00000, 0x0000000610c00000|100%| E|CS|TAMS 0x0000000610800000, 0x0000000610800000| Complete 
|  63|0x0000000610c00000, 0x0000000611000000, 0x0000000611000000|100%| E|CS|TAMS 0x0000000610c00000, 0x0000000610c00000| Complete 
|  64|0x0000000611000000, 0x0000000611400000, 0x0000000611400000|100%| E|CS|TAMS 0x0000000611000000, 0x0000000611000000| Complete 
|  65|0x0000000611400000, 0x0000000611800000, 0x0000000611800000|100%| E|CS|TAMS 0x0000000611400000, 0x0000000611400000| Complete 
|  66|0x0000000611800000, 0x0000000611c00000, 0x0000000611c00000|100%| E|CS|TAMS 0x0000000611800000, 0x0000000611800000| Complete 
|  67|0x0000000611c00000, 0x0000000612000000, 0x0000000612000000|100%| E|CS|TAMS 0x0000000611c00000, 0x0000000611c00000| Complete 
|  68|0x0000000612000000, 0x0000000612400000, 0x0000000612400000|100%| E|CS|TAMS 0x0000000612000000, 0x0000000612000000| Complete 
|  69|0x0000000612400000, 0x0000000612800000, 0x0000000612800000|100%| E|CS|TAMS 0x0000000612400000, 0x0000000612400000| Complete 
|  70|0x0000000612800000, 0x0000000612c00000, 0x0000000612c00000|100%| E|CS|TAMS 0x0000000612800000, 0x0000000612800000| Complete 
|  71|0x0000000612c00000, 0x0000000613000000, 0x0000000613000000|100%| E|CS|TAMS 0x0000000612c00000, 0x0000000612c00000| Complete 
|  72|0x0000000613000000, 0x0000000613400000, 0x0000000613400000|100%| E|CS|TAMS 0x0000000613000000, 0x0000000613000000| Complete 
|  73|0x0000000613400000, 0x0000000613800000, 0x0000000613800000|100%| E|CS|TAMS 0x0000000613400000, 0x0000000613400000| Complete 
|  74|0x0000000613800000, 0x0000000613c00000, 0x0000000613c00000|100%| E|CS|TAMS 0x0000000613800000, 0x0000000613800000| Complete 
|  75|0x0000000613c00000, 0x0000000614000000, 0x0000000614000000|100%| E|CS|TAMS 0x0000000613c00000, 0x0000000613c00000| Complete 
|  76|0x0000000614000000, 0x0000000614400000, 0x0000000614400000|100%| E|CS|TAMS 0x0000000614000000, 0x0000000614000000| Complete 
| 127|0x0000000620c00000, 0x0000000621000000, 0x0000000621000000|100%| E|CS|TAMS 0x0000000620c00000, 0x0000000620c00000| Complete 

Card table byte_map: [0x0000020165a20000,0x0000020166a20000] _byte_map_base: 0x0000020162a18000

Marking Bits (Prev, Next): (CMBitMap*) 0x000002015a1ba4d0, (CMBitMap*) 0x000002015a1ba510
 Prev Bits: [0x0000020167a20000, 0x000002016f9e0000)
 Next Bits: [0x000002016f9e0000, 0x00000201779a0000)

Polling page: 0x00000201598e0000

Metaspace:

Usage:
  Non-class:     40.92 MB used.
      Class:      6.40 MB used.
       Both:     47.32 MB used.

Virtual space:
  Non-class space:       48.00 MB reserved,      41.19 MB ( 86%) committed,  6 nodes.
      Class space:        1.00 GB reserved,       6.62 MB ( <1%) committed,  1 nodes.
             Both:        1.05 GB reserved,      47.81 MB (  4%) committed. 

Chunk freelists:
   Non-Class:  2.53 MB
       Class:  1.31 MB
        Both:  3.84 MB

MaxMetaspaceSize: unlimited
CompressedClassSpaceSize: 1.00 GB
Initial GC threshold: 21.00 MB
Current GC threshold: 59.06 MB
CDS: on
MetaspaceReclaimPolicy: balanced
 - commit_granule_bytes: 65536.
 - commit_granule_words: 8192.
 - virtual_space_node_default_size: 1048576.
 - enlarge_chunks_in_place: 1.
 - new_chunks_are_fully_committed: 0.
 - uncommit_free_chunks: 1.
 - use_allocation_guard: 0.
 - handle_deallocations: 1.


Internal statistics:

num_allocs_failed_limit: 6.
num_arena_births: 726.
num_arena_deaths: 0.
num_vsnodes_births: 7.
num_vsnodes_deaths: 0.
num_space_committed: 765.
num_space_uncommitted: 0.
num_chunks_returned_to_freelist: 6.
num_chunks_taken_from_freelist: 2382.
num_chunk_merges: 6.
num_chunk_splits: 1678.
num_chunks_enlarged: 1263.
num_purges: 0.
num_inconsistent_stats: 0.

CodeCache: size=49152Kb used=11420Kb max_used=11877Kb free=37731Kb
 bounds [0x0000020161910000, 0x00000201624b0000, 0x0000020164910000]
 total_blobs=6396 nmethods=5812 adapters=510
 compilation: enabled
              stopped_count=0, restarted_count=0
 full_count=0

Compilation events (20 events):
Event: 118.497 Thread 0x0000020179f1d640 5804       1       org.apache.catalina.webresources.CachedResource::getNextCheck (5 bytes)
Event: 118.498 Thread 0x0000020179f1d640 nmethod 5804 0x0000020161ac2010 code [0x0000020161ac21a0, 0x0000020161ac2278]
Event: 124.171 Thread 0x0000020179f1d640 5805   !   1       org.apache.tomcat.util.http.parser.HttpParser::isQueryRelaxed (10 bytes)
Event: 124.171 Thread 0x0000020179f1d640 nmethod 5805 0x0000020161ac1c10 code [0x0000020161ac1da0, 0x0000020161ac1ed8]
Event: 124.180 Thread 0x0000020179f1d640 5806       1       java.nio.channels.spi.AbstractSelectionKey::isValid (13 bytes)
Event: 124.180 Thread 0x0000020179f1d640 nmethod 5806 0x0000020161ac1910 code [0x0000020161ac1aa0, 0x0000020161ac1b78]
Event: 133.942 Thread 0x0000020179f1d640 5807       1       java.util.concurrent.locks.LockSupport::parkNanos (29 bytes)
Event: 133.943 Thread 0x0000020179f1d640 nmethod 5807 0x0000020161ac1490 code [0x0000020161ac1640, 0x0000020161ac1848]
Event: 138.511 Thread 0x0000020179f1d640 5809       1       java.util.concurrent.locks.AbstractQueuedSynchronizer::enqueue (60 bytes)
Event: 138.512 Thread 0x0000020179f1d640 nmethod 5809 0x0000020161ac0d10 code [0x0000020161ac0ec0, 0x0000020161ac1308]
Event: 138.512 Thread 0x0000020179f1d640 5810   !   1       org.apache.catalina.webresources.AbstractArchiveResourceSet::gc (67 bytes)
Event: 138.513 Thread 0x0000020179f1d640 nmethod 5810 0x0000020161ac0710 code [0x0000020161ac08c0, 0x0000020161ac0ba8]
Event: 138.513 Thread 0x0000020179f1d640 5808       1       java.util.concurrent.locks.AbstractQueuedSynchronizer$ConditionObject::doSignal (54 bytes)
Event: 138.513 Thread 0x0000020179f1d640 nmethod 5808 0x0000020161ac0190 code [0x0000020161ac0340, 0x0000020161ac05a8]
Event: 141.323 Thread 0x0000020179f1d640 5811       1       org.apache.tomcat.util.net.SocketProperties::getTimeoutInterval (5 bytes)
Event: 141.324 Thread 0x0000020179f1d640 nmethod 5811 0x0000020161abfe90 code [0x0000020161ac0020, 0x0000020161ac00f8]
Event: 143.940 Thread 0x0000020179f1d640 5812       1       java.util.concurrent.locks.AbstractQueuedSynchronizer$ConditionObject::awaitNanos (200 bytes)
Event: 143.943 Thread 0x0000020179f1d640 nmethod 5812 0x0000020161abed90 code [0x0000020161abefc0, 0x0000020161abf8c8]
Event: 145.950 Thread 0x0000020179f1d640 5813       1       java.util.concurrent.locks.AbstractQueuedSynchronizer::acquire (20 bytes)
Event: 145.950 Thread 0x0000020179f1d640 nmethod 5813 0x0000020161abea10 code [0x0000020161abebc0, 0x0000020161abed18]

GC Heap History (20 events):
Event: 2.291 GC heap before
{Heap before GC invocations=5 (full 0):
 garbage-first heap   total 81920K, used 61428K [0x0000000601000000, 0x0000000800000000)
  region size 4096K, 15 young (61440K), 2 survivors (8192K)
 Metaspace       used 24699K, committed 25088K, reserved 1073152K
  class space    used 3338K, committed 3520K, reserved 1048576K
}
Event: 2.297 GC heap after
{Heap after GC invocations=6 (full 0):
 garbage-first heap   total 81920K, used 13247K [0x0000000601000000, 0x0000000800000000)
  region size 4096K, 2 young (8192K), 2 survivors (8192K)
 Metaspace       used 24699K, committed 25088K, reserved 1073152K
  class space    used 3338K, committed 3520K, reserved 1048576K
}
Event: 2.331 GC heap before
{Heap before GC invocations=6 (full 0):
 garbage-first heap   total 81920K, used 17343K [0x0000000601000000, 0x0000000800000000)
  region size 4096K, 3 young (12288K), 2 survivors (8192K)
 Metaspace       used 25115K, committed 25472K, reserved 1073152K
  class space    used 3395K, committed 3584K, reserved 1048576K
}
Event: 2.340 GC heap after
{Heap after GC invocations=7 (full 0):
 garbage-first heap   total 81920K, used 14032K [0x0000000601000000, 0x0000000800000000)
  region size 4096K, 1 young (4096K), 1 survivors (4096K)
 Metaspace       used 25115K, committed 25472K, reserved 1073152K
  class space    used 3395K, committed 3584K, reserved 1048576K
}
Event: 2.911 GC heap before
{Heap before GC invocations=7 (full 0):
 garbage-first heap   total 81920K, used 59088K [0x0000000601000000, 0x0000000800000000)
  region size 4096K, 12 young (49152K), 1 survivors (4096K)
 Metaspace       used 29051K, committed 29504K, reserved 1081344K
  class space    used 3916K, committed 4160K, reserved 1048576K
}
Event: 2.919 GC heap after
{Heap after GC invocations=8 (full 0):
 garbage-first heap   total 303104K, used 15627K [0x0000000601000000, 0x0000000800000000)
  region size 4096K, 2 young (8192K), 2 survivors (8192K)
 Metaspace       used 29051K, committed 29504K, reserved 1081344K
  class space    used 3916K, committed 4160K, reserved 1048576K
}
Event: 3.674 GC heap before
{Heap before GC invocations=8 (full 0):
 garbage-first heap   total 303104K, used 187659K [0x0000000601000000, 0x0000000800000000)
  region size 4096K, 44 young (180224K), 2 survivors (8192K)
 Metaspace       used 30071K, committed 30464K, reserved 1081344K
  class space    used 4077K, committed 4288K, reserved 1048576K
}
Event: 3.683 GC heap after
{Heap after GC invocations=9 (full 0):
 garbage-first heap   total 303104K, used 20551K [0x0000000601000000, 0x0000000800000000)
  region size 4096K, 3 young (12288K), 3 survivors (12288K)
 Metaspace       used 30071K, committed 30464K, reserved 1081344K
  class space    used 4077K, committed 4288K, reserved 1048576K
}
Event: 4.784 GC heap before
{Heap before GC invocations=9 (full 0):
 garbage-first heap   total 303104K, used 188487K [0x0000000601000000, 0x0000000800000000)
  region size 4096K, 44 young (180224K), 3 survivors (12288K)
 Metaspace       used 30734K, committed 31168K, reserved 1081344K
  class space    used 4143K, committed 4352K, reserved 1048576K
}
Event: 4.792 GC heap after
{Heap after GC invocations=10 (full 0):
 garbage-first heap   total 303104K, used 21622K [0x0000000601000000, 0x0000000800000000)
  region size 4096K, 3 young (12288K), 3 survivors (12288K)
 Metaspace       used 30734K, committed 31168K, reserved 1081344K
  class space    used 4143K, committed 4352K, reserved 1048576K
}
Event: 7.234 GC heap before
{Heap before GC invocations=10 (full 0):
 garbage-first heap   total 303104K, used 185462K [0x0000000601000000, 0x0000000800000000)
  region size 4096K, 44 young (180224K), 3 survivors (12288K)
 Metaspace       used 30841K, committed 31232K, reserved 1081344K
  class space    used 4168K, committed 4352K, reserved 1048576K
}
Event: 7.244 GC heap after
{Heap after GC invocations=11 (full 0):
 garbage-first heap   total 303104K, used 24945K [0x0000000601000000, 0x0000000800000000)
  region size 4096K, 4 young (16384K), 4 survivors (16384K)
 Metaspace       used 30841K, committed 31232K, reserved 1081344K
  class space    used 4168K, committed 4352K, reserved 1048576K
}
Event: 8.221 GC heap before
{Heap before GC invocations=11 (full 0):
 garbage-first heap   total 303104K, used 188785K [0x0000000601000000, 0x0000000800000000)
  region size 4096K, 44 young (180224K), 4 survivors (16384K)
 Metaspace       used 35158K, committed 35584K, reserved 1081344K
  class space    used 4714K, committed 4928K, reserved 1048576K
}
Event: 8.230 GC heap after
{Heap after GC invocations=12 (full 0):
 garbage-first heap   total 303104K, used 22630K [0x0000000601000000, 0x0000000800000000)
  region size 4096K, 3 young (12288K), 3 survivors (12288K)
 Metaspace       used 35158K, committed 35584K, reserved 1081344K
  class space    used 4714K, committed 4928K, reserved 1048576K
}
Event: 8.452 GC heap before
{Heap before GC invocations=12 (full 0):
 garbage-first heap   total 303104K, used 75878K [0x0000000601000000, 0x0000000800000000)
  region size 4096K, 17 young (69632K), 3 survivors (12288K)
 Metaspace       used 35715K, committed 36096K, reserved 1081344K
  class space    used 4798K, committed 4992K, reserved 1048576K
}
Event: 8.459 GC heap after
{Heap after GC invocations=13 (full 0):
 garbage-first heap   total 303104K, used 22378K [0x0000000601000000, 0x0000000800000000)
  region size 4096K, 3 young (12288K), 3 survivors (12288K)
 Metaspace       used 35715K, committed 36096K, reserved 1081344K
  class space    used 4798K, committed 4992K, reserved 1048576K
}
Event: 9.033 GC heap before
{Heap before GC invocations=14 (full 0):
 garbage-first heap   total 110592K, used 75626K [0x0000000601000000, 0x0000000800000000)
  region size 4096K, 16 young (65536K), 3 survivors (12288K)
 Metaspace       used 39801K, committed 40256K, reserved 1089536K
  class space    used 5350K, committed 5568K, reserved 1048576K
}
Event: 9.047 GC heap after
{Heap after GC invocations=15 (full 0):
 garbage-first heap   total 110592K, used 24703K [0x0000000601000000, 0x0000000800000000)
  region size 4096K, 2 young (8192K), 2 survivors (8192K)
 Metaspace       used 39801K, committed 40256K, reserved 1089536K
  class space    used 5350K, committed 5568K, reserved 1048576K
}
Event: 14.623 GC heap before
{Heap before GC invocations=15 (full 0):
 garbage-first heap   total 110592K, used 24703K [0x0000000601000000, 0x0000000800000000)
  region size 4096K, 3 young (12288K), 2 survivors (8192K)
 Metaspace       used 40274K, committed 40768K, reserved 1089536K
  class space    used 5402K, committed 5632K, reserved 1048576K
}
Event: 14.627 GC heap after
{Heap after GC invocations=16 (full 0):
 garbage-first heap   total 319488K, used 24916K [0x0000000601000000, 0x0000000800000000)
  region size 4096K, 1 young (4096K), 1 survivors (4096K)
 Metaspace       used 40274K, committed 40768K, reserved 1089536K
  class space    used 5402K, committed 5632K, reserved 1048576K
}

Deoptimization events (20 events):
Event: 31.012 Thread 0x000002017c7c41f0 DEOPT PACKING pc=0x0000020161d334e4 sp=0x000000b3986feed0
Event: 31.012 Thread 0x000002017c7c41f0 DEOPT UNPACKING pc=0x0000020161962b43 sp=0x000000b3986fe3b8 mode 0
Event: 31.012 Thread 0x000002017c7c2040 DEOPT PACKING pc=0x0000020161d334e4 sp=0x000000b3984ff180
Event: 31.012 Thread 0x000002017c7c2040 DEOPT UNPACKING pc=0x0000020161962b43 sp=0x000000b3984fe668 mode 0
Event: 31.012 Thread 0x000002017c7c16a0 DEOPT PACKING pc=0x0000020161d334e4 sp=0x000000b3982ff1b0
Event: 31.012 Thread 0x000002017c7c16a0 DEOPT UNPACKING pc=0x0000020161962b43 sp=0x000000b3982fe698 mode 0
Event: 31.012 Thread 0x000002017c0f3ed0 DEOPT PACKING pc=0x0000020161d334e4 sp=0x000000b3968febf0
Event: 31.013 Thread 0x000002017c0f3ed0 DEOPT UNPACKING pc=0x0000020161962b43 sp=0x000000b3968fe0d8 mode 0
Event: 111.000 Thread 0x000002017c7c76e0 DEOPT PACKING pc=0x0000020161d80dec sp=0x000000b3975fbae0
Event: 111.000 Thread 0x000002017c7c76e0 DEOPT UNPACKING pc=0x0000020161962b43 sp=0x000000b3975faff0 mode 0
Event: 111.000 Thread 0x000002017c7c76e0 DEOPT PACKING pc=0x0000020161ce0a7c sp=0x000000b3975fbba0
Event: 111.000 Thread 0x000002017c7c76e0 DEOPT UNPACKING pc=0x0000020161962b43 sp=0x000000b3975fb048 mode 0
Event: 111.000 Thread 0x000002017c7c76e0 DEOPT PACKING pc=0x0000020161cbb44c sp=0x000000b3975fbbf0
Event: 111.000 Thread 0x000002017c7c76e0 DEOPT UNPACKING pc=0x0000020161962b43 sp=0x000000b3975fb0a8 mode 0
Event: 111.000 Thread 0x000002017c7c76e0 DEOPT PACKING pc=0x000002016217cd7c sp=0x000000b3975fbc70
Event: 111.000 Thread 0x000002017c7c76e0 DEOPT UNPACKING pc=0x0000020161962b43 sp=0x000000b3975fb150 mode 0
Event: 111.010 Thread 0x000002017c7c76e0 DEOPT PACKING pc=0x0000020161f93294 sp=0x000000b3975fce70
Event: 111.010 Thread 0x000002017c7c76e0 DEOPT UNPACKING pc=0x0000020161962b43 sp=0x000000b3975fc348 mode 0
Event: 111.010 Thread 0x000002017c7c76e0 DEOPT PACKING pc=0x0000020161f93294 sp=0x000000b3975fd210
Event: 111.010 Thread 0x000002017c7c76e0 DEOPT UNPACKING pc=0x0000020161962b43 sp=0x000000b3975fc6e8 mode 0

Classes unloaded (0 events):
No events

Classes redefined (1 events):
Event: 148.079 Thread 0x0000020179ef21e0 redefined class name=com.abb.pfg.views.AvailableOffers, count=1

Internal exceptions (20 events):
Event: 15.375 Thread 0x000002017c7c3380 Exception <a 'java/lang/ClassNotFoundException'{0x00000006114cbe30}: com/vaadin/flow/component/login/LoginI18nBeanInfo> (0x00000006114cbe30) 
thrown [t:\workspace\open\src\hotspot\share\classfile\systemDictionary.cpp, line 256]
Event: 15.376 Thread 0x000002017c7c3380 Exception <a 'java/lang/ClassNotFoundException'{0x00000006114cf4a8}: java/lang/ObjectBeanInfo> (0x00000006114cf4a8) 
thrown [t:\workspace\open\src\hotspot\share\classfile\systemDictionary.cpp, line 256]
Event: 15.377 Thread 0x000002017c7c3380 Exception <a 'java/lang/ClassNotFoundException'{0x00000006114d3d38}: java/lang/ObjectCustomizer> (0x00000006114d3d38) 
thrown [t:\workspace\open\src\hotspot\share\classfile\systemDictionary.cpp, line 256]
Event: 15.379 Thread 0x000002017c7c3380 Exception <a 'java/lang/IncompatibleClassChangeError'{0x00000006114e02b8}: Found class java.lang.Object, but interface was expected> (0x00000006114e02b8) 
thrown [t:\workspace\open\src\hotspot\share\interpreter\linkResolver.cpp, line 833]
Event: 15.382 Thread 0x000002017c7c3380 Exception <a 'java/lang/ClassNotFoundException'{0x00000006114f5000}: com/vaadin/flow/component/login/LoginI18nCustomizer> (0x00000006114f5000) 
thrown [t:\workspace\open\src\hotspot\share\classfile\systemDictionary.cpp, line 256]
Event: 15.384 Thread 0x000002017c7c3380 Exception <a 'java/lang/ClassNotFoundException'{0x00000006115171b0}: com/vaadin/flow/component/login/LoginI18n$FormBeanInfo> (0x00000006115171b0) 
thrown [t:\workspace\open\src\hotspot\share\classfile\systemDictionary.cpp, line 256]
Event: 15.386 Thread 0x000002017c7c3380 Exception <a 'java/lang/ClassNotFoundException'{0x000000061151ee18}: com/vaadin/flow/component/login/LoginI18n$FormCustomizer> (0x000000061151ee18) 
thrown [t:\workspace\open\src\hotspot\share\classfile\systemDictionary.cpp, line 256]
Event: 15.387 Thread 0x000002017c7c3380 Exception <a 'java/lang/ClassNotFoundException'{0x000000061152fe48}: com/vaadin/flow/component/login/LoginI18n$ErrorMessageBeanInfo> (0x000000061152fe48) 
thrown [t:\workspace\open\src\hotspot\share\classfile\systemDictionary.cpp, line 256]
Event: 15.389 Thread 0x000002017c7c3380 Exception <a 'java/lang/ClassNotFoundException'{0x0000000611537d78}: com/vaadin/flow/component/login/LoginI18n$ErrorMessageCustomizer> (0x0000000611537d78) 
thrown [t:\workspace\open\src\hotspot\share\classfile\systemDictionary.cpp, line 256]
Event: 15.394 Thread 0x000002017c7c3380 Exception <a 'java/lang/NoSuchMethodError'{0x0000000611597550}: 'void java.lang.invoke.DirectMethodHandle$Holder.invokeInterface(java.lang.Object, java.lang.Object)'> (0x0000000611597550) 
thrown [t:\workspace\open\src\hotspot\share\interpreter\linkResolver.cpp, line 766]
Event: 15.424 Thread 0x000002017c7c3380 Exception <a 'java/lang/NoSuchMethodError'{0x000000061101aab8}: 'int java.lang.invoke.DirectMethodHandle$Holder.invokeStatic(java.lang.Object, int, java.lang.Object)'> (0x000000061101aab8) 
thrown [t:\workspace\open\src\hotspot\share\interpreter\linkResolver.cpp, line 766]
Event: 21.333 Thread 0x000002017c7c76e0 Exception <a 'java/lang/NoSuchMethodError'{0x0000000611365de8}: 'void java.lang.invoke.DirectMethodHandle$Holder.invokeSpecial(java.lang.Object, java.lang.Object, int, java.lang.Object)'> (0x0000000611365de8) 
thrown [t:\workspace\open\src\hotspot\share\interpreter\linkResolver.cpp, line 766]
Event: 21.372 Thread 0x000002017c7c76e0 Exception <a 'sun/nio/fs/WindowsException'{0x0000000610f27310}> (0x0000000610f27310) 
thrown [t:\workspace\open\src\hotspot\share\prims\jni.cpp, line 516]
Event: 21.718 Thread 0x000002017c7c76e0 Exception <a 'java/lang/NoSuchMethodError'{0x000000060f7e67f0}: 'java.lang.Object java.lang.invoke.DirectMethodHandle$Holder.invokeVirtual(java.lang.Object, java.lang.Object, java.lang.Object, double)'> (0x000000060f7e67f0) 
thrown [t:\workspace\open\src\hotspot\share\interpreter\linkResolver.cpp, line 766]
Event: 21.719 Thread 0x000002017c7c76e0 Exception <a 'java/lang/NoSuchMethodError'{0x000000060f7f6f20}: 'java.lang.Object java.lang.invoke.DirectMethodHandle$Holder.invokeVirtual(java.lang.Object, java.lang.Object, java.lang.Object, int)'> (0x000000060f7f6f20) 
thrown [t:\workspace\open\src\hotspot\share\interpreter\linkResolver.cpp, line 766]
Event: 21.719 Thread 0x000002017c7c76e0 Exception <a 'java/lang/NoSuchMethodError'{0x000000060f7ff550}: 'int java.lang.invoke.DirectMethodHandle$Holder.invokeVirtual(java.lang.Object, java.lang.Object, java.lang.Object, int)'> (0x000000060f7ff550) 
thrown [t:\workspace\open\src\hotspot\share\interpreter\linkResolver.cpp, line 766]
Event: 21.720 Thread 0x000002017c7c76e0 Exception <a 'java/lang/NoSuchMethodError'{0x000000060f0102e0}: 'java.lang.Object java.lang.invoke.DirectMethodHandle$Holder.invokeStaticInit(java.lang.Object, java.lang.Object, java.lang.Object, java.lang.Object, java.lang.Object)'> (0x000000060f0102e0) 
thrown [t:\workspace\open\src\hotspot\share\interpreter\linkResolver.cpp, line 766]
Event: 21.721 Thread 0x000002017c7c76e0 Exception <a 'java/lang/NoSuchMethodError'{0x000000060f018fa0}: 'void java.lang.invoke.DirectMethodHandle$Holder.invokeStaticInit(java.lang.Object, java.lang.Object, java.lang.Object, java.lang.Object)'> (0x000000060f018fa0) 
thrown [t:\workspace\open\src\hotspot\share\interpreter\linkResolver.cpp, line 766]
Event: 21.733 Thread 0x000002017c7c76e0 Exception <a 'java/lang/NoSuchMethodError'{0x000000060f1934b0}: 'int java.lang.invoke.DirectMethodHandle$Holder.invokeVirtual(java.lang.Object, java.lang.Object, java.lang.Object, java.lang.Object)'> (0x000000060f1934b0) 
thrown [t:\workspace\open\src\hotspot\share\interpreter\linkResolver.cpp, line 766]
Event: 111.001 Thread 0x000002017c7c76e0 Exception <a 'java/lang/IncompatibleClassChangeError'{0x000000060e9c5890}: Found class java.lang.Object, but interface was expected> (0x000000060e9c5890) 
thrown [t:\workspace\open\src\hotspot\share\interpreter\linkResolver.cpp, line 833]

VM Operations (20 events):
Event: 110.997 Executing VM operation: ICBufferFull
Event: 110.997 Executing VM operation: ICBufferFull done
Event: 111.999 Executing VM operation: Cleanup
Event: 111.999 Executing VM operation: Cleanup done
Event: 113.012 Executing VM operation: Cleanup
Event: 113.012 Executing VM operation: Cleanup done
Event: 114.016 Executing VM operation: Cleanup
Event: 114.016 Executing VM operation: Cleanup done
Event: 116.037 Executing VM operation: Cleanup
Event: 116.037 Executing VM operation: Cleanup done
Event: 117.044 Executing VM operation: Cleanup
Event: 117.045 Executing VM operation: Cleanup done
Event: 118.047 Executing VM operation: Cleanup
Event: 118.047 Executing VM operation: Cleanup done
Event: 125.098 Executing VM operation: Cleanup
Event: 125.098 Executing VM operation: Cleanup done
Event: 147.294 Executing VM operation: Cleanup
Event: 147.294 Executing VM operation: Cleanup done
Event: 148.074 Executing VM operation: RedefineClasses
Event: 148.091 Executing VM operation: RedefineClasses done

Events (20 events):
Event: 38.831 Thread 0x000002017c7c6870 Thread exited: 0x000002017c7c6870
Event: 38.831 Thread 0x000002017bd57300 Thread added: 0x000002017bd57300
Event: 45.262 Thread 0x000002017c7c2510 Thread exited: 0x000002017c7c2510
Event: 68.380 Thread 0x000002017bca2ce0 Thread exited: 0x000002017bca2ce0
Event: 68.845 Thread 0x000002017bd56960 Thread added: 0x000002017bd56960
Event: 68.845 Thread 0x000002017c7c46c0 Thread exited: 0x000002017c7c46c0
Event: 75.267 Thread 0x000002017c7c5530 Thread exited: 0x000002017c7c5530
Event: 90.999 Thread 0x000002017c7c8a20 Thread exited: 0x000002017c7c8a20
Event: 90.999 Thread 0x000002017c0c5380 Thread exited: 0x000002017c0c5380
Event: 90.999 Thread 0x000002017c7c8ef0 Thread exited: 0x000002017c7c8ef0
Event: 90.999 Thread 0x000002017c7c8080 Thread exited: 0x000002017c7c8080
Event: 91.014 Thread 0x000002017c7c41f0 Thread exited: 0x000002017c7c41f0
Event: 91.014 Thread 0x000002017c7c16a0 Thread exited: 0x000002017c7c16a0
Event: 91.014 Thread 0x000002017c7c2040 Thread exited: 0x000002017c7c2040
Event: 98.860 Thread 0x000002017bd56960 Thread exited: 0x000002017bd56960
Event: 98.860 Thread 0x000002017bd55fc0 Thread added: 0x000002017bd55fc0
Event: 111.009 Thread 0x000002017cef03d0 Thread added: 0x000002017cef03d0
Event: 112.802 Thread 0x000002017cef03d0 Thread exited: 0x000002017cef03d0
Event: 128.869 Thread 0x000002017bd58170 Thread added: 0x000002017bd58170
Event: 128.869 Thread 0x000002017bd57300 Thread exited: 0x000002017bd57300


Dynamic libraries:
0x00007ff790e20000 - 0x00007ff790e30000 	C:\Program Files\Java\jdk-17.0.1\bin\javaw.exe
0x00007ffc680d0000 - 0x00007ffc682c8000 	C:\WINDOWS\SYSTEM32\ntdll.dll
0x00007ffc66ea0000 - 0x00007ffc66f5d000 	C:\WINDOWS\System32\KERNEL32.DLL
0x00007ffc65aa0000 - 0x00007ffc65d96000 	C:\WINDOWS\System32\KERNELBASE.dll
0x000000006b550000 - 0x000000006b882000 	C:\Program Files\Norton Security\NortonData\22.21.6.53\Definitions\IPSDefs\20240410.066\IPSEng64.dll
0x00007ffc67850000 - 0x00007ffc67900000 	C:\WINDOWS\System32\ADVAPI32.dll
0x00007ffc67030000 - 0x00007ffc670ce000 	C:\WINDOWS\System32\msvcrt.dll
0x00007ffc677b0000 - 0x00007ffc67850000 	C:\WINDOWS\System32\sechost.dll
0x00007ffc66160000 - 0x00007ffc66285000 	C:\WINDOWS\System32\RPCRT4.dll
0x00007ffc65920000 - 0x00007ffc65947000 	C:\WINDOWS\System32\bcrypt.dll
0x00007ffc67e20000 - 0x00007ffc67e28000 	C:\WINDOWS\System32\PSAPI.DLL
0x00007ffc65da0000 - 0x00007ffc65ea0000 	C:\WINDOWS\System32\ucrtbase.dll
0x00007ffc5b560000 - 0x00007ffc5b57a000 	C:\Program Files\Java\jdk-17.0.1\bin\VCRUNTIME140.dll
0x00007ffc63a50000 - 0x00007ffc63a68000 	C:\Program Files\Java\jdk-17.0.1\bin\jli.dll
0x00007ffc673e0000 - 0x00007ffc6757e000 	C:\WINDOWS\System32\USER32.dll
0x00007ffc55980000 - 0x00007ffc55c1a000 	C:\WINDOWS\WinSxS\amd64_microsoft.windows.common-controls_6595b64144ccf1df_6.0.19041.3636_none_60b6a03d71f818d5\COMCTL32.dll
0x00007ffc672c0000 - 0x00007ffc672eb000 	C:\WINDOWS\System32\GDI32.dll
0x00007ffc65950000 - 0x00007ffc65972000 	C:\WINDOWS\System32\win32u.dll
0x00007ffc65980000 - 0x00007ffc65a97000 	C:\WINDOWS\System32\gdi32full.dll
0x00007ffc65780000 - 0x00007ffc6581d000 	C:\WINDOWS\System32\msvcp_win.dll
0x00007ffc5afd0000 - 0x00007ffc5afda000 	C:\WINDOWS\SYSTEM32\VERSION.dll
0x00007ffc67280000 - 0x00007ffc672b2000 	C:\WINDOWS\System32\IMM32.DLL
0x00007ffc63be0000 - 0x00007ffc63bec000 	C:\Program Files\Java\jdk-17.0.1\bin\vcruntime140_1.dll
0x00007ffc38610000 - 0x00007ffc3869d000 	C:\Program Files\Java\jdk-17.0.1\bin\msvcp140.dll
0x00007ffbd9240000 - 0x00007ffbd9dfe000 	C:\Program Files\Java\jdk-17.0.1\bin\server\jvm.dll
0x00007ffc63660000 - 0x00007ffc63669000 	C:\WINDOWS\SYSTEM32\WSOCK32.dll
0x00007ffc5aec0000 - 0x00007ffc5aee7000 	C:\WINDOWS\SYSTEM32\WINMM.dll
0x00007ffc66f60000 - 0x00007ffc66fcb000 	C:\WINDOWS\System32\WS2_32.dll
0x00007ffc63fa0000 - 0x00007ffc63fb2000 	C:\WINDOWS\SYSTEM32\kernel.appcore.dll
0x00007ffc63a40000 - 0x00007ffc63a4a000 	C:\Program Files\Java\jdk-17.0.1\bin\jimage.dll
0x00007ffc629f0000 - 0x00007ffc62bd4000 	C:\WINDOWS\SYSTEM32\DBGHELP.DLL
0x00007ffc63620000 - 0x00007ffc63654000 	C:\WINDOWS\SYSTEM32\dbgcore.DLL
0x00007ffc66000000 - 0x00007ffc66082000 	C:\WINDOWS\System32\bcryptPrimitives.dll
0x00007ffc59cf0000 - 0x00007ffc59d2b000 	C:\Program Files\Java\jdk-17.0.1\bin\jdwp.dll
0x00007ffc63780000 - 0x00007ffc6378e000 	C:\Program Files\Java\jdk-17.0.1\bin\instrument.dll
0x00007ffc5a110000 - 0x00007ffc5a135000 	C:\Program Files\Java\jdk-17.0.1\bin\java.dll
0x00007ffc35910000 - 0x00007ffc359e6000 	C:\Program Files\Java\jdk-17.0.1\bin\svml.dll
0x00007ffc66370000 - 0x00007ffc66adb000 	C:\WINDOWS\System32\SHELL32.dll
0x00007ffc62be0000 - 0x00007ffc6337e000 	C:\WINDOWS\SYSTEM32\windows.storage.dll
0x00007ffc66b40000 - 0x00007ffc66e93000 	C:\WINDOWS\System32\combase.dll
0x00007ffc65000000 - 0x00007ffc6502e000 	C:\WINDOWS\SYSTEM32\Wldp.dll
0x00007ffc662a0000 - 0x00007ffc6636d000 	C:\WINDOWS\System32\OLEAUT32.dll
0x00007ffc67d70000 - 0x00007ffc67e1d000 	C:\WINDOWS\System32\SHCORE.dll
0x00007ffc66ae0000 - 0x00007ffc66b35000 	C:\WINDOWS\System32\shlwapi.dll
0x00007ffc656b0000 - 0x00007ffc656d5000 	C:\WINDOWS\SYSTEM32\profapi.dll
0x00007ffc5d160000 - 0x00007ffc5d16c000 	C:\Program Files\Java\jdk-17.0.1\bin\dt_socket.dll
0x00007ffc64af0000 - 0x00007ffc64b2b000 	C:\WINDOWS\SYSTEM32\IPHLPAPI.DLL
0x00007ffc64de0000 - 0x00007ffc64e4a000 	C:\WINDOWS\system32\mswsock.dll
0x00007ffc64b30000 - 0x00007ffc64bfb000 	C:\WINDOWS\SYSTEM32\DNSAPI.dll
0x00007ffc66290000 - 0x00007ffc66298000 	C:\WINDOWS\System32\NSI.dll
0x00007ffc5c640000 - 0x00007ffc5c64a000 	C:\Windows\System32\rasadhlp.dll
0x00007ffc5c710000 - 0x00007ffc5c790000 	C:\WINDOWS\System32\fwpuclnt.dll
0x00007ffc58aa0000 - 0x00007ffc58ab8000 	C:\Program Files\Java\jdk-17.0.1\bin\zip.dll
0x00007ffc55ca0000 - 0x00007ffc55cb9000 	C:\Program Files\Java\jdk-17.0.1\bin\net.dll
0x00007ffc5d550000 - 0x00007ffc5d65a000 	C:\WINDOWS\SYSTEM32\WINHTTP.dll
0x00007ffc4acd0000 - 0x00007ffc4ace5000 	C:\Program Files\Java\jdk-17.0.1\bin\nio.dll
0x00007ffc5b550000 - 0x00007ffc5b559000 	C:\Program Files\Java\jdk-17.0.1\bin\management.dll
0x00007ffc55c90000 - 0x00007ffc55c9b000 	C:\Program Files\Java\jdk-17.0.1\bin\management_ext.dll
0x00007ffc3ad20000 - 0x00007ffc3ad37000 	C:\WINDOWS\system32\napinsp.dll
0x00007ffc3a040000 - 0x00007ffc3a05b000 	C:\WINDOWS\system32\pnrpnsp.dll
0x00007ffc3f8c0000 - 0x00007ffc3f8d5000 	C:\WINDOWS\system32\wshbth.dll
0x00007ffc60110000 - 0x00007ffc6012d000 	C:\WINDOWS\system32\NLAapi.dll
0x00007ffc3a020000 - 0x00007ffc3a032000 	C:\WINDOWS\System32\winrnr.dll
0x00007ffc65040000 - 0x00007ffc65058000 	C:\WINDOWS\SYSTEM32\CRYPTSP.dll
0x00007ffc64730000 - 0x00007ffc64764000 	C:\WINDOWS\system32\rsaenh.dll
0x00007ffc65630000 - 0x00007ffc6565e000 	C:\WINDOWS\SYSTEM32\USERENV.dll
0x00007ffc64f70000 - 0x00007ffc64f7c000 	C:\WINDOWS\SYSTEM32\CRYPTBASE.dll
0x00007ffc619a0000 - 0x00007ffc619b7000 	C:\WINDOWS\SYSTEM32\dhcpcsvc6.DLL
0x00007ffc61960000 - 0x00007ffc6197d000 	C:\WINDOWS\SYSTEM32\dhcpcsvc.DLL
0x00007ffc53f70000 - 0x00007ffc53f80000 	C:\Program Files\Java\jdk-17.0.1\bin\verify.dll
0x00007ffc50dc0000 - 0x00007ffc50dce000 	C:\Program Files\Java\jdk-17.0.1\bin\sunmscapi.dll
0x00007ffc65ea0000 - 0x00007ffc65ffd000 	C:\WINDOWS\System32\CRYPT32.dll
0x00007ffc65150000 - 0x00007ffc65178000 	C:\WINDOWS\SYSTEM32\ncrypt.dll
0x00007ffc65110000 - 0x00007ffc6514b000 	C:\WINDOWS\SYSTEM32\NTASN1.dll
0x00007ffc07960000 - 0x00007ffc07967000 	C:\WINDOWS\system32\wshunix.dll

dbghelp: loaded successfully - version: 4.0.5 - missing functions: none
symbol engine: initialized successfully - sym options: 0x614 - pdb path: .;C:\Program Files\Java\jdk-17.0.1\bin;C:\WINDOWS\SYSTEM32;C:\Program Files\Norton Security\NortonData\22.21.6.53\Definitions\IPSDefs\20240410.066;C:\WINDOWS\WinSxS\amd64_microsoft.windows.common-controls_6595b64144ccf1df_6.0.19041.3636_none_60b6a03d71f818d5;C:\Program Files\Java\jdk-17.0.1\bin\server

VM Arguments:
jvm_args: -XX:+ShowCodeDetailsInExceptionMessages -agentlib:jdwp=transport=dt_socket,suspend=y,address=localhost:51201 -Dcom.sun.management.jmxremote -Dcom.sun.management.jmxremote.port=51198 -Dcom.sun.management.jmxremote.authenticate=false -Dcom.sun.management.jmxremote.ssl=false -Djava.rmi.server.hostname=localhost -Dspring.jmx.enabled=true -Dspring.application.admin.enabled=true -XX:TieredStopAtLevel=1 -Dspring.boot.project.name=PFG_Cliente -javaagent:C:\Users\Usuario\eclipse\java-2021-06\eclipse\configuration\org.eclipse.osgi\222\0\.cp\lib\javaagent-shaded.jar -Dfile.encoding=UTF-8 
java_command: com.abb.pfg.PruebasVaadinApplication
java_class_path (initial): C:\Users\Usuario\Documents\DocumentosAdrian\Proyecto_Fin_Grado\PFG_Cliente\target\classes;C:\Users\Usuario\.m2\repository\org\springframework\boot\spring-boot-starter-web\3.0.6\spring-boot-starter-web-3.0.6.jar;C:\Users\Usuario\.m2\repository\org\springframework\boot\spring-boot-starter\3.0.6\spring-boot-starter-3.0.6.jar;C:\Users\Usuario\.m2\repository\org\springframework\boot\spring-boot\3.0.6\spring-boot-3.0.6.jar;C:\Users\Usuario\.m2\repository\org\springframework\boot\spring-boot-autoconfigure\3.0.6\spring-boot-autoconfigure-3.0.6.jar;C:\Users\Usuario\.m2\repository\org\springframework\boot\spring-boot-starter-logging\3.0.6\spring-boot-starter-logging-3.0.6.jar;C:\Users\Usuario\.m2\repository\ch\qos\logback\logback-classic\1.4.7\logback-classic-1.4.7.jar;C:\Users\Usuario\.m2\repository\ch\qos\logback\logback-core\1.4.7\logback-core-1.4.7.jar;C:\Users\Usuario\.m2\repository\org\apache\logging\log4j\log4j-to-slf4j\2.19.0\log4j-to-slf4j-2.19.0.jar;C:\Users\Usuario\.m2\repository\org\apache\logging\log4j\log4j-api\2.19.0\log4j-api-2.19.0.jar;C:\Users\Usuario\.m2\repository\org\slf4j\jul-to-slf4j\2.0.7\jul-to-slf4j-2.0.7.jar;C:\Users\Usuario\.m2\repository\jakarta\annotation\jakarta.annotation-api\2.1.1\jakarta.annotation-api-2.1.1.jar;C:\Users\Usuario\.m2\repository\org\yaml\snakeyaml\1.33\snakeyaml-1.33.jar;C:\Users\Usuario\.m2\repository\org\springframework\boot\spring-boot-starter-json\3.0.6\spring-boot-starter-json-3.0.6.jar;C:\Users\Usuario\.m2\repository\com\fasterxml\jackson\datatype\jackson-datatype-jdk8\2.14.2\jackson-datatype-jdk8-2.14.2.jar;C:\Users\Usuario\.m2\repository\com\fasterxml\jackson\datatype\jackson-datatype-jsr310\2.14.2\jackson-datatype-jsr310-2.14.2.jar;C:\Users\Usuario\.m2\repository\com\fasterxml\jackson\module\jackson-module-parameter-names\2.14.2\jackson-module-parameter-names-2.14.2.jar;C:\Users\Usuario\.m2\repository\org\springframework\boot\spring-boot-starter-tomcat\3.0.6\spring-boot-starter-tomcat-3.0.6
Launcher Type: SUN_STANDARD

[Global flags]
     intx CICompilerCount                          = 4                                         {product} {ergonomic}
     uint ConcGCThreads                            = 2                                         {product} {ergonomic}
     uint G1ConcRefinementThreads                  = 8                                         {product} {ergonomic}
   size_t G1HeapRegionSize                         = 4194304                                   {product} {ergonomic}
    uintx GCDrainStackTargetSize                   = 64                                        {product} {ergonomic}
   size_t InitialHeapSize                          = 536870912                                 {product} {ergonomic}
     bool ManagementServer                         = true                                      {product} {command line}
   size_t MarkStackSize                            = 4194304                                   {product} {ergonomic}
   size_t MaxHeapSize                              = 8573157376                                {product} {ergonomic}
   size_t MaxNewSize                               = 5142216704                                {product} {ergonomic}
   size_t MinHeapDeltaBytes                        = 4194304                                   {product} {ergonomic}
   size_t MinHeapSize                              = 8388608                                   {product} {ergonomic}
    uintx NonProfiledCodeHeapSize                  = 0                                      {pd product} {ergonomic}
     bool ProfileInterpreter                       = false                                  {pd product} {command line}
    uintx ProfiledCodeHeapSize                     = 0                                      {pd product} {ergonomic}
     bool ShowCodeDetailsInExceptionMessages       = true                                   {manageable} {command line}
   size_t SoftMaxHeapSize                          = 8573157376                             {manageable} {ergonomic}
     intx TieredStopAtLevel                        = 1                                         {product} {command line}
     bool UseCompressedClassPointers               = true                           {product lp64_product} {ergonomic}
     bool UseCompressedOops                        = true                           {product lp64_product} {ergonomic}
     bool UseG1GC                                  = true                                      {product} {ergonomic}
     bool UseLargePagesIndividualAllocation        = false                                  {pd product} {ergonomic}

Logging:
Log output configuration:
 #0: stdout all=warning uptime,level,tags
 #1: stderr all=off uptime,level,tags

Environment Variables:
JAVA_HOME=C:\Program Files\Java\jdk-17.0.1
PATH=C:/Users/Usuario/.p2/pool/plugins/org.eclipse.justj.openjdk.hotspot.jre.full.win32.x86_64_16.0.2.v20210721-1149/jre/bin/server;C:/Users/Usuario/.p2/pool/plugins/org.eclipse.justj.openjdk.hotspot.jre.full.win32.x86_64_16.0.2.v20210721-1149/jre/bin;C:\Program Files\Common Files\Oracle\Java\javapath;C:\Program Files (x86)\VMware\VMware Player\bin\;C:\WINDOWS\system32;C:\WINDOWS;C:\WINDOWS\System32\Wbem;C:\WINDOWS\System32\WindowsPowerShell\v1.0\;C:\WINDOWS\System32\OpenSSH\;C:\Program Files (x86)\Intel\Intel(R) Management Engine Components\DAL;C:\Program Files\Intel\Intel(R) Management Engine Components\DAL;C:\Program Files\Java\jdk-17.0.1\bin;C:\Program Files\dotnet\;C:\Program Files\Docker\Docker\resources\bin;C:\Program Files\Git\cmd;C:\Users\Usuario\AppData\Local\Programs\Python\Python310\Scripts\;C:\Users\Usuario\AppData\Local\Programs\Python\Python310\;C:\Users\Usuario\AppData\Local\Microsoft\WindowsApps;C:\Users\Usuario\AppData\Local\Programs\Microsoft VS Code\bin;C:\Users\Usuario\Desktop;
USERNAME=Usuario
OS=Windows_NT
PROCESSOR_IDENTIFIER=Intel64 Family 6 Model 63 Stepping 2, GenuineIntel



---------------  S Y S T E M  ---------------

OS:
 Windows 10 , 64 bit Build 19041 (10.0.19041.3636)
OS uptime: 6 days 5:07 hours
Hyper-V role detected

CPU: total 8 (initial active 8) (4 cores per cpu, 2 threads per core) family 6 model 63 stepping 2 microcode 0x43, cx8, cmov, fxsr, ht, mmx, sse, sse2, sse3, ssse3, sse4.1, sse4.2, popcnt, lzcnt, tsc, tscinvbit, avx, avx2, aes, erms, clmul, bmi1, bmi2, fma, vzeroupper, clflush, hv

Memory: 4k page, system-wide physical 32690M (16638M free)
TotalPageFile size 37554M (AvailPageFile size 20445M)
current process WorkingSet (physical memory assigned to process): 314M, peak: 367M
current process commit charge ("private bytes"): 491M, peak: 654M

vm_info: Java HotSpot(TM) 64-Bit Server VM (17.0.1+12-LTS-39) for windows-amd64 JRE (17.0.1+12-LTS-39), built on Sep 27 2021 18:41:35 by "mach5one" with MS VC++ 16.8 (VS2019)

END.
